{"/Users/stephaniesanchez/code/testing-with-jest/src/index.js": {"path":"/Users/stephaniesanchez/code/testing-with-jest/src/index.js","statementMap":{"0":{"start":{"line":2,"column":12},"end":{"line":8,"column":1}},"1":{"start":{"line":3,"column":4},"end":{"line":5,"column":5}},"2":{"start":{"line":4,"column":8},"end":{"line":4,"column":26}},"3":{"start":{"line":7,"column":4},"end":{"line":7,"column":17}}},"fnMap":{"0":{"name":"(anonymous_0)","decl":{"start":{"line":2,"column":12},"end":{"line":2,"column":13}},"loc":{"start":{"line":2,"column":22},"end":{"line":8,"column":1}},"line":2}},"branchMap":{"0":{"loc":{"start":{"line":3,"column":4},"end":{"line":5,"column":5}},"type":"if","locations":[{"start":{"line":3,"column":4},"end":{"line":5,"column":5}},{"start":{},"end":{}}],"line":3},"1":{"loc":{"start":{"line":3,"column":7},"end":{"line":3,"column":55}},"type":"binary-expr","locations":[{"start":{"line":3,"column":7},"end":{"line":3,"column":29}},{"start":{"line":3,"column":33},"end":{"line":3,"column":55}}],"line":3}},"s":{"0":1,"1":2,"2":1,"3":1},"f":{"0":2},"b":{"0":[1,1],"1":[2,1]},"_coverageSchema":"1a1c01bbd47fc00a2c39e90264f33305004495a9","hash":"648b4731bc1309f7488b8a0681a4b6b64e90edd4"}
}
